<?xml version="1.0" encoding="UTF-8"?>
<testsuite xmlns:xsi="http://www.w3.org/2001/XMLSchema-instance" xsi:noNamespaceSchemaLocation="https://maven.apache.org/surefire/maven-surefire-plugin/xsd/surefire-test-report.xsd" name="com.TestHelloService" time="5.734" tests="1" errors="0" skipped="0" failures="0">
  <properties>
    <property name="sun.desktop" value="gnome"/>
    <property name="awt.toolkit" value="sun.awt.X11.XToolkit"/>
    <property name="java.specification.version" value="11"/>
    <property name="sun.cpu.isalist" value=""/>
    <property name="sun.jnu.encoding" value="UTF-8"/>
    <property name="java.class.path" value="/home/rsehgal/eclipse-workspace/DevOpsBootCamp/cicd-pipeline/target/test-classes:/home/rsehgal/eclipse-workspace/DevOpsBootCamp/cicd-pipeline/target/classes:/home/rsehgal/.m2/repository/org/springframework/boot/spring-boot-starter-web/2.1.7.RELEASE/spring-boot-starter-web-2.1.7.RELEASE.jar:/home/rsehgal/.m2/repository/org/springframework/boot/spring-boot-starter/2.1.7.RELEASE/spring-boot-starter-2.1.7.RELEASE.jar:/home/rsehgal/.m2/repository/org/springframework/boot/spring-boot/2.1.7.RELEASE/spring-boot-2.1.7.RELEASE.jar:/home/rsehgal/.m2/repository/org/springframework/boot/spring-boot-autoconfigure/2.1.7.RELEASE/spring-boot-autoconfigure-2.1.7.RELEASE.jar:/home/rsehgal/.m2/repository/org/springframework/boot/spring-boot-starter-logging/2.1.7.RELEASE/spring-boot-starter-logging-2.1.7.RELEASE.jar:/home/rsehgal/.m2/repository/ch/qos/logback/logback-classic/1.2.3/logback-classic-1.2.3.jar:/home/rsehgal/.m2/repository/ch/qos/logback/logback-core/1.2.3/logback-core-1.2.3.jar:/home/rsehgal/.m2/repository/org/apache/logging/log4j/log4j-to-slf4j/2.11.2/log4j-to-slf4j-2.11.2.jar:/home/rsehgal/.m2/repository/org/apache/logging/log4j/log4j-api/2.11.2/log4j-api-2.11.2.jar:/home/rsehgal/.m2/repository/org/slf4j/jul-to-slf4j/1.7.26/jul-to-slf4j-1.7.26.jar:/home/rsehgal/.m2/repository/javax/annotation/javax.annotation-api/1.3.2/javax.annotation-api-1.3.2.jar:/home/rsehgal/.m2/repository/org/yaml/snakeyaml/1.23/snakeyaml-1.23.jar:/home/rsehgal/.m2/repository/org/springframework/boot/spring-boot-starter-json/2.1.7.RELEASE/spring-boot-starter-json-2.1.7.RELEASE.jar:/home/rsehgal/.m2/repository/com/fasterxml/jackson/core/jackson-databind/2.9.9/jackson-databind-2.9.9.jar:/home/rsehgal/.m2/repository/com/fasterxml/jackson/core/jackson-core/2.9.9/jackson-core-2.9.9.jar:/home/rsehgal/.m2/repository/com/fasterxml/jackson/datatype/jackson-datatype-jdk8/2.9.9/jackson-datatype-jdk8-2.9.9.jar:/home/rsehgal/.m2/repository/com/fasterxml/jackson/datatype/jackson-datatype-jsr310/2.9.9/jackson-datatype-jsr310-2.9.9.jar:/home/rsehgal/.m2/repository/com/fasterxml/jackson/module/jackson-module-parameter-names/2.9.9/jackson-module-parameter-names-2.9.9.jar:/home/rsehgal/.m2/repository/org/springframework/boot/spring-boot-starter-tomcat/2.1.7.RELEASE/spring-boot-starter-tomcat-2.1.7.RELEASE.jar:/home/rsehgal/.m2/repository/org/apache/tomcat/embed/tomcat-embed-core/9.0.22/tomcat-embed-core-9.0.22.jar:/home/rsehgal/.m2/repository/org/apache/tomcat/embed/tomcat-embed-el/9.0.22/tomcat-embed-el-9.0.22.jar:/home/rsehgal/.m2/repository/org/apache/tomcat/embed/tomcat-embed-websocket/9.0.22/tomcat-embed-websocket-9.0.22.jar:/home/rsehgal/.m2/repository/org/hibernate/validator/hibernate-validator/6.0.17.Final/hibernate-validator-6.0.17.Final.jar:/home/rsehgal/.m2/repository/javax/validation/validation-api/2.0.1.Final/validation-api-2.0.1.Final.jar:/home/rsehgal/.m2/repository/org/jboss/logging/jboss-logging/3.3.2.Final/jboss-logging-3.3.2.Final.jar:/home/rsehgal/.m2/repository/org/springframework/spring-web/5.1.9.RELEASE/spring-web-5.1.9.RELEASE.jar:/home/rsehgal/.m2/repository/org/springframework/spring-beans/5.1.9.RELEASE/spring-beans-5.1.9.RELEASE.jar:/home/rsehgal/.m2/repository/org/springframework/spring-webmvc/5.1.9.RELEASE/spring-webmvc-5.1.9.RELEASE.jar:/home/rsehgal/.m2/repository/org/springframework/spring-aop/5.1.9.RELEASE/spring-aop-5.1.9.RELEASE.jar:/home/rsehgal/.m2/repository/org/springframework/spring-context/5.1.9.RELEASE/spring-context-5.1.9.RELEASE.jar:/home/rsehgal/.m2/repository/org/springframework/spring-expression/5.1.9.RELEASE/spring-expression-5.1.9.RELEASE.jar:/home/rsehgal/.m2/repository/org/springframework/boot/spring-boot-starter-test/2.1.7.RELEASE/spring-boot-starter-test-2.1.7.RELEASE.jar:/home/rsehgal/.m2/repository/org/springframework/boot/spring-boot-test/2.1.7.RELEASE/spring-boot-test-2.1.7.RELEASE.jar:/home/rsehgal/.m2/repository/org/springframework/boot/spring-boot-test-autoconfigure/2.1.7.RELEASE/spring-boot-test-autoconfigure-2.1.7.RELEASE.jar:/home/rsehgal/.m2/repository/com/jayway/jsonpath/json-path/2.4.0/json-path-2.4.0.jar:/home/rsehgal/.m2/repository/net/minidev/json-smart/2.3/json-smart-2.3.jar:/home/rsehgal/.m2/repository/net/minidev/accessors-smart/1.2/accessors-smart-1.2.jar:/home/rsehgal/.m2/repository/org/ow2/asm/asm/5.0.4/asm-5.0.4.jar:/home/rsehgal/.m2/repository/junit/junit/4.12/junit-4.12.jar:/home/rsehgal/.m2/repository/org/assertj/assertj-core/3.11.1/assertj-core-3.11.1.jar:/home/rsehgal/.m2/repository/org/mockito/mockito-core/2.23.4/mockito-core-2.23.4.jar:/home/rsehgal/.m2/repository/net/bytebuddy/byte-buddy/1.9.16/byte-buddy-1.9.16.jar:/home/rsehgal/.m2/repository/net/bytebuddy/byte-buddy-agent/1.9.16/byte-buddy-agent-1.9.16.jar:/home/rsehgal/.m2/repository/org/objenesis/objenesis/2.6/objenesis-2.6.jar:/home/rsehgal/.m2/repository/org/hamcrest/hamcrest-core/1.3/hamcrest-core-1.3.jar:/home/rsehgal/.m2/repository/org/hamcrest/hamcrest-library/1.3/hamcrest-library-1.3.jar:/home/rsehgal/.m2/repository/org/skyscreamer/jsonassert/1.5.0/jsonassert-1.5.0.jar:/home/rsehgal/.m2/repository/com/vaadin/external/google/android-json/0.0.20131108.vaadin1/android-json-0.0.20131108.vaadin1.jar:/home/rsehgal/.m2/repository/org/springframework/spring-core/5.1.9.RELEASE/spring-core-5.1.9.RELEASE.jar:/home/rsehgal/.m2/repository/org/springframework/spring-jcl/5.1.9.RELEASE/spring-jcl-5.1.9.RELEASE.jar:/home/rsehgal/.m2/repository/org/springframework/spring-test/5.1.9.RELEASE/spring-test-5.1.9.RELEASE.jar:/home/rsehgal/.m2/repository/org/xmlunit/xmlunit-core/2.6.3/xmlunit-core-2.6.3.jar:/home/rsehgal/.m2/repository/javax/xml/bind/jaxb-api/2.3.1/jaxb-api-2.3.1.jar:/home/rsehgal/.m2/repository/javax/activation/javax.activation-api/1.2.0/javax.activation-api-1.2.0.jar:/home/rsehgal/.m2/repository/org/junit/jupiter/junit-jupiter-api/5.3.2/junit-jupiter-api-5.3.2.jar:/home/rsehgal/.m2/repository/org/apiguardian/apiguardian-api/1.0.0/apiguardian-api-1.0.0.jar:/home/rsehgal/.m2/repository/org/opentest4j/opentest4j/1.1.1/opentest4j-1.1.1.jar:/home/rsehgal/.m2/repository/org/junit/platform/junit-platform-commons/1.3.2/junit-platform-commons-1.3.2.jar:/home/rsehgal/.m2/repository/org/junit/jupiter/junit-jupiter-engine/5.3.2/junit-jupiter-engine-5.3.2.jar:/home/rsehgal/.m2/repository/org/junit/platform/junit-platform-engine/1.3.2/junit-platform-engine-1.3.2.jar:/home/rsehgal/.m2/repository/io/swagger/swagger-jersey-jaxrs/1.5.9/swagger-jersey-jaxrs-1.5.9.jar:/home/rsehgal/.m2/repository/io/swagger/swagger-jaxrs/1.5.9/swagger-jaxrs-1.5.9.jar:/home/rsehgal/.m2/repository/com/fasterxml/jackson/dataformat/jackson-dataformat-yaml/2.9.9/jackson-dataformat-yaml-2.9.9.jar:/home/rsehgal/.m2/repository/com/fasterxml/jackson/dataformat/jackson-dataformat-xml/2.9.9/jackson-dataformat-xml-2.9.9.jar:/home/rsehgal/.m2/repository/com/fasterxml/jackson/module/jackson-module-jaxb-annotations/2.9.9/jackson-module-jaxb-annotations-2.9.9.jar:/home/rsehgal/.m2/repository/org/codehaus/woodstox/stax2-api/3.1.4/stax2-api-3.1.4.jar:/home/rsehgal/.m2/repository/com/fasterxml/woodstox/woodstox-core/5.0.3/woodstox-core-5.0.3.jar:/home/rsehgal/.m2/repository/io/swagger/swagger-core/1.5.9/swagger-core-1.5.9.jar:/home/rsehgal/.m2/repository/org/apache/commons/commons-lang3/3.8.1/commons-lang3-3.8.1.jar:/home/rsehgal/.m2/repository/com/fasterxml/jackson/datatype/jackson-datatype-joda/2.9.9/jackson-datatype-joda-2.9.9.jar:/home/rsehgal/.m2/repository/joda-time/joda-time/2.10.3/joda-time-2.10.3.jar:/home/rsehgal/.m2/repository/javax/ws/rs/jsr311-api/1.1.1/jsr311-api-1.1.1.jar:/home/rsehgal/.m2/repository/org/reflections/reflections/0.9.10/reflections-0.9.10.jar:/home/rsehgal/.m2/repository/org/javassist/javassist/3.19.0-GA/javassist-3.19.0-GA.jar:/home/rsehgal/.m2/repository/com/google/code/findbugs/annotations/2.0.1/annotations-2.0.1.jar:/home/rsehgal/.m2/repository/com/fasterxml/jackson/jaxrs/jackson-jaxrs-json-provider/2.9.9/jackson-jaxrs-json-provider-2.9.9.jar:/home/rsehgal/.m2/repository/com/fasterxml/jackson/jaxrs/jackson-jaxrs-base/2.9.9/jackson-jaxrs-base-2.9.9.jar:/home/rsehgal/.m2/repository/com/sun/jersey/contribs/jersey-multipart/1.13/jersey-multipart-1.13.jar:/home/rsehgal/.m2/repository/org/jvnet/mimepull/1.6/mimepull-1.6.jar:/home/rsehgal/.m2/repository/com/sun/jersey/jersey-servlet/1.13/jersey-servlet-1.13.jar:/home/rsehgal/.m2/repository/com/sun/jersey/jersey-client/1.13/jersey-client-1.13.jar:/home/rsehgal/.m2/repository/com/sun/jersey/jersey-core/1.13/jersey-core-1.13.jar:/home/rsehgal/.m2/repository/com/sun/jersey/jersey-server/1.13/jersey-server-1.13.jar:/home/rsehgal/.m2/repository/asm/asm/3.1/asm-3.1.jar:/home/rsehgal/.m2/repository/io/springfox/springfox-swagger2/2.5.0/springfox-swagger2-2.5.0.jar:/home/rsehgal/.m2/repository/io/swagger/swagger-annotations/1.5.9/swagger-annotations-1.5.9.jar:/home/rsehgal/.m2/repository/io/swagger/swagger-models/1.5.9/swagger-models-1.5.9.jar:/home/rsehgal/.m2/repository/com/fasterxml/jackson/core/jackson-annotations/2.9.0/jackson-annotations-2.9.0.jar:/home/rsehgal/.m2/repository/io/springfox/springfox-spi/2.5.0/springfox-spi-2.5.0.jar:/home/rsehgal/.m2/repository/io/springfox/springfox-core/2.5.0/springfox-core-2.5.0.jar:/home/rsehgal/.m2/repository/io/springfox/springfox-schema/2.5.0/springfox-schema-2.5.0.jar:/home/rsehgal/.m2/repository/io/springfox/springfox-swagger-common/2.5.0/springfox-swagger-common-2.5.0.jar:/home/rsehgal/.m2/repository/io/springfox/springfox-spring-web/2.5.0/springfox-spring-web-2.5.0.jar:/home/rsehgal/.m2/repository/com/google/guava/guava/18.0/guava-18.0.jar:/home/rsehgal/.m2/repository/com/fasterxml/classmate/1.4.0/classmate-1.4.0.jar:/home/rsehgal/.m2/repository/org/slf4j/slf4j-api/1.7.26/slf4j-api-1.7.26.jar:/home/rsehgal/.m2/repository/org/springframework/plugin/spring-plugin-core/1.2.0.RELEASE/spring-plugin-core-1.2.0.RELEASE.jar:/home/rsehgal/.m2/repository/org/springframework/plugin/spring-plugin-metadata/1.2.0.RELEASE/spring-plugin-metadata-1.2.0.RELEASE.jar:/home/rsehgal/.m2/repository/org/mapstruct/mapstruct/1.0.0.Final/mapstruct-1.0.0.Final.jar:/home/rsehgal/.m2/repository/io/springfox/springfox-swagger-ui/2.5.0/springfox-swagger-ui-2.5.0.jar:"/>
    <property name="java.vm.vendor" value="Ubuntu"/>
    <property name="sun.arch.data.model" value="64"/>
    <property name="java.vendor.url" value="https://ubuntu.com/"/>
    <property name="user.timezone" value=""/>
    <property name="java.vm.specification.version" value="11"/>
    <property name="os.name" value="Linux"/>
    <property name="sun.java.launcher" value="SUN_STANDARD"/>
    <property name="user.country" value="IN"/>
    <property name="sun.boot.library.path" value="/usr/lib/jvm/java-11-openjdk-amd64/lib"/>
    <property name="sun.java.command" value="/home/rsehgal/eclipse-workspace/DevOpsBootCamp/cicd-pipeline/target/surefire/surefirebooter10640232623482725819.jar /home/rsehgal/eclipse-workspace/DevOpsBootCamp/cicd-pipeline/target/surefire 2020-07-25T09-25-26_683-jvmRun1 surefire7177646358434766815tmp surefire_017725205184049081088tmp"/>
    <property name="jdk.debug" value="release"/>
    <property name="surefire.test.class.path" value="/home/rsehgal/eclipse-workspace/DevOpsBootCamp/cicd-pipeline/target/test-classes:/home/rsehgal/eclipse-workspace/DevOpsBootCamp/cicd-pipeline/target/classes:/home/rsehgal/.m2/repository/org/springframework/boot/spring-boot-starter-web/2.1.7.RELEASE/spring-boot-starter-web-2.1.7.RELEASE.jar:/home/rsehgal/.m2/repository/org/springframework/boot/spring-boot-starter/2.1.7.RELEASE/spring-boot-starter-2.1.7.RELEASE.jar:/home/rsehgal/.m2/repository/org/springframework/boot/spring-boot/2.1.7.RELEASE/spring-boot-2.1.7.RELEASE.jar:/home/rsehgal/.m2/repository/org/springframework/boot/spring-boot-autoconfigure/2.1.7.RELEASE/spring-boot-autoconfigure-2.1.7.RELEASE.jar:/home/rsehgal/.m2/repository/org/springframework/boot/spring-boot-starter-logging/2.1.7.RELEASE/spring-boot-starter-logging-2.1.7.RELEASE.jar:/home/rsehgal/.m2/repository/ch/qos/logback/logback-classic/1.2.3/logback-classic-1.2.3.jar:/home/rsehgal/.m2/repository/ch/qos/logback/logback-core/1.2.3/logback-core-1.2.3.jar:/home/rsehgal/.m2/repository/org/apache/logging/log4j/log4j-to-slf4j/2.11.2/log4j-to-slf4j-2.11.2.jar:/home/rsehgal/.m2/repository/org/apache/logging/log4j/log4j-api/2.11.2/log4j-api-2.11.2.jar:/home/rsehgal/.m2/repository/org/slf4j/jul-to-slf4j/1.7.26/jul-to-slf4j-1.7.26.jar:/home/rsehgal/.m2/repository/javax/annotation/javax.annotation-api/1.3.2/javax.annotation-api-1.3.2.jar:/home/rsehgal/.m2/repository/org/yaml/snakeyaml/1.23/snakeyaml-1.23.jar:/home/rsehgal/.m2/repository/org/springframework/boot/spring-boot-starter-json/2.1.7.RELEASE/spring-boot-starter-json-2.1.7.RELEASE.jar:/home/rsehgal/.m2/repository/com/fasterxml/jackson/core/jackson-databind/2.9.9/jackson-databind-2.9.9.jar:/home/rsehgal/.m2/repository/com/fasterxml/jackson/core/jackson-core/2.9.9/jackson-core-2.9.9.jar:/home/rsehgal/.m2/repository/com/fasterxml/jackson/datatype/jackson-datatype-jdk8/2.9.9/jackson-datatype-jdk8-2.9.9.jar:/home/rsehgal/.m2/repository/com/fasterxml/jackson/datatype/jackson-datatype-jsr310/2.9.9/jackson-datatype-jsr310-2.9.9.jar:/home/rsehgal/.m2/repository/com/fasterxml/jackson/module/jackson-module-parameter-names/2.9.9/jackson-module-parameter-names-2.9.9.jar:/home/rsehgal/.m2/repository/org/springframework/boot/spring-boot-starter-tomcat/2.1.7.RELEASE/spring-boot-starter-tomcat-2.1.7.RELEASE.jar:/home/rsehgal/.m2/repository/org/apache/tomcat/embed/tomcat-embed-core/9.0.22/tomcat-embed-core-9.0.22.jar:/home/rsehgal/.m2/repository/org/apache/tomcat/embed/tomcat-embed-el/9.0.22/tomcat-embed-el-9.0.22.jar:/home/rsehgal/.m2/repository/org/apache/tomcat/embed/tomcat-embed-websocket/9.0.22/tomcat-embed-websocket-9.0.22.jar:/home/rsehgal/.m2/repository/org/hibernate/validator/hibernate-validator/6.0.17.Final/hibernate-validator-6.0.17.Final.jar:/home/rsehgal/.m2/repository/javax/validation/validation-api/2.0.1.Final/validation-api-2.0.1.Final.jar:/home/rsehgal/.m2/repository/org/jboss/logging/jboss-logging/3.3.2.Final/jboss-logging-3.3.2.Final.jar:/home/rsehgal/.m2/repository/org/springframework/spring-web/5.1.9.RELEASE/spring-web-5.1.9.RELEASE.jar:/home/rsehgal/.m2/repository/org/springframework/spring-beans/5.1.9.RELEASE/spring-beans-5.1.9.RELEASE.jar:/home/rsehgal/.m2/repository/org/springframework/spring-webmvc/5.1.9.RELEASE/spring-webmvc-5.1.9.RELEASE.jar:/home/rsehgal/.m2/repository/org/springframework/spring-aop/5.1.9.RELEASE/spring-aop-5.1.9.RELEASE.jar:/home/rsehgal/.m2/repository/org/springframework/spring-context/5.1.9.RELEASE/spring-context-5.1.9.RELEASE.jar:/home/rsehgal/.m2/repository/org/springframework/spring-expression/5.1.9.RELEASE/spring-expression-5.1.9.RELEASE.jar:/home/rsehgal/.m2/repository/org/springframework/boot/spring-boot-starter-test/2.1.7.RELEASE/spring-boot-starter-test-2.1.7.RELEASE.jar:/home/rsehgal/.m2/repository/org/springframework/boot/spring-boot-test/2.1.7.RELEASE/spring-boot-test-2.1.7.RELEASE.jar:/home/rsehgal/.m2/repository/org/springframework/boot/spring-boot-test-autoconfigure/2.1.7.RELEASE/spring-boot-test-autoconfigure-2.1.7.RELEASE.jar:/home/rsehgal/.m2/repository/com/jayway/jsonpath/json-path/2.4.0/json-path-2.4.0.jar:/home/rsehgal/.m2/repository/net/minidev/json-smart/2.3/json-smart-2.3.jar:/home/rsehgal/.m2/repository/net/minidev/accessors-smart/1.2/accessors-smart-1.2.jar:/home/rsehgal/.m2/repository/org/ow2/asm/asm/5.0.4/asm-5.0.4.jar:/home/rsehgal/.m2/repository/junit/junit/4.12/junit-4.12.jar:/home/rsehgal/.m2/repository/org/assertj/assertj-core/3.11.1/assertj-core-3.11.1.jar:/home/rsehgal/.m2/repository/org/mockito/mockito-core/2.23.4/mockito-core-2.23.4.jar:/home/rsehgal/.m2/repository/net/bytebuddy/byte-buddy/1.9.16/byte-buddy-1.9.16.jar:/home/rsehgal/.m2/repository/net/bytebuddy/byte-buddy-agent/1.9.16/byte-buddy-agent-1.9.16.jar:/home/rsehgal/.m2/repository/org/objenesis/objenesis/2.6/objenesis-2.6.jar:/home/rsehgal/.m2/repository/org/hamcrest/hamcrest-core/1.3/hamcrest-core-1.3.jar:/home/rsehgal/.m2/repository/org/hamcrest/hamcrest-library/1.3/hamcrest-library-1.3.jar:/home/rsehgal/.m2/repository/org/skyscreamer/jsonassert/1.5.0/jsonassert-1.5.0.jar:/home/rsehgal/.m2/repository/com/vaadin/external/google/android-json/0.0.20131108.vaadin1/android-json-0.0.20131108.vaadin1.jar:/home/rsehgal/.m2/repository/org/springframework/spring-core/5.1.9.RELEASE/spring-core-5.1.9.RELEASE.jar:/home/rsehgal/.m2/repository/org/springframework/spring-jcl/5.1.9.RELEASE/spring-jcl-5.1.9.RELEASE.jar:/home/rsehgal/.m2/repository/org/springframework/spring-test/5.1.9.RELEASE/spring-test-5.1.9.RELEASE.jar:/home/rsehgal/.m2/repository/org/xmlunit/xmlunit-core/2.6.3/xmlunit-core-2.6.3.jar:/home/rsehgal/.m2/repository/javax/xml/bind/jaxb-api/2.3.1/jaxb-api-2.3.1.jar:/home/rsehgal/.m2/repository/javax/activation/javax.activation-api/1.2.0/javax.activation-api-1.2.0.jar:/home/rsehgal/.m2/repository/org/junit/jupiter/junit-jupiter-api/5.3.2/junit-jupiter-api-5.3.2.jar:/home/rsehgal/.m2/repository/org/apiguardian/apiguardian-api/1.0.0/apiguardian-api-1.0.0.jar:/home/rsehgal/.m2/repository/org/opentest4j/opentest4j/1.1.1/opentest4j-1.1.1.jar:/home/rsehgal/.m2/repository/org/junit/platform/junit-platform-commons/1.3.2/junit-platform-commons-1.3.2.jar:/home/rsehgal/.m2/repository/org/junit/jupiter/junit-jupiter-engine/5.3.2/junit-jupiter-engine-5.3.2.jar:/home/rsehgal/.m2/repository/org/junit/platform/junit-platform-engine/1.3.2/junit-platform-engine-1.3.2.jar:/home/rsehgal/.m2/repository/io/swagger/swagger-jersey-jaxrs/1.5.9/swagger-jersey-jaxrs-1.5.9.jar:/home/rsehgal/.m2/repository/io/swagger/swagger-jaxrs/1.5.9/swagger-jaxrs-1.5.9.jar:/home/rsehgal/.m2/repository/com/fasterxml/jackson/dataformat/jackson-dataformat-yaml/2.9.9/jackson-dataformat-yaml-2.9.9.jar:/home/rsehgal/.m2/repository/com/fasterxml/jackson/dataformat/jackson-dataformat-xml/2.9.9/jackson-dataformat-xml-2.9.9.jar:/home/rsehgal/.m2/repository/com/fasterxml/jackson/module/jackson-module-jaxb-annotations/2.9.9/jackson-module-jaxb-annotations-2.9.9.jar:/home/rsehgal/.m2/repository/org/codehaus/woodstox/stax2-api/3.1.4/stax2-api-3.1.4.jar:/home/rsehgal/.m2/repository/com/fasterxml/woodstox/woodstox-core/5.0.3/woodstox-core-5.0.3.jar:/home/rsehgal/.m2/repository/io/swagger/swagger-core/1.5.9/swagger-core-1.5.9.jar:/home/rsehgal/.m2/repository/org/apache/commons/commons-lang3/3.8.1/commons-lang3-3.8.1.jar:/home/rsehgal/.m2/repository/com/fasterxml/jackson/datatype/jackson-datatype-joda/2.9.9/jackson-datatype-joda-2.9.9.jar:/home/rsehgal/.m2/repository/joda-time/joda-time/2.10.3/joda-time-2.10.3.jar:/home/rsehgal/.m2/repository/javax/ws/rs/jsr311-api/1.1.1/jsr311-api-1.1.1.jar:/home/rsehgal/.m2/repository/org/reflections/reflections/0.9.10/reflections-0.9.10.jar:/home/rsehgal/.m2/repository/org/javassist/javassist/3.19.0-GA/javassist-3.19.0-GA.jar:/home/rsehgal/.m2/repository/com/google/code/findbugs/annotations/2.0.1/annotations-2.0.1.jar:/home/rsehgal/.m2/repository/com/fasterxml/jackson/jaxrs/jackson-jaxrs-json-provider/2.9.9/jackson-jaxrs-json-provider-2.9.9.jar:/home/rsehgal/.m2/repository/com/fasterxml/jackson/jaxrs/jackson-jaxrs-base/2.9.9/jackson-jaxrs-base-2.9.9.jar:/home/rsehgal/.m2/repository/com/sun/jersey/contribs/jersey-multipart/1.13/jersey-multipart-1.13.jar:/home/rsehgal/.m2/repository/org/jvnet/mimepull/1.6/mimepull-1.6.jar:/home/rsehgal/.m2/repository/com/sun/jersey/jersey-servlet/1.13/jersey-servlet-1.13.jar:/home/rsehgal/.m2/repository/com/sun/jersey/jersey-client/1.13/jersey-client-1.13.jar:/home/rsehgal/.m2/repository/com/sun/jersey/jersey-core/1.13/jersey-core-1.13.jar:/home/rsehgal/.m2/repository/com/sun/jersey/jersey-server/1.13/jersey-server-1.13.jar:/home/rsehgal/.m2/repository/asm/asm/3.1/asm-3.1.jar:/home/rsehgal/.m2/repository/io/springfox/springfox-swagger2/2.5.0/springfox-swagger2-2.5.0.jar:/home/rsehgal/.m2/repository/io/swagger/swagger-annotations/1.5.9/swagger-annotations-1.5.9.jar:/home/rsehgal/.m2/repository/io/swagger/swagger-models/1.5.9/swagger-models-1.5.9.jar:/home/rsehgal/.m2/repository/com/fasterxml/jackson/core/jackson-annotations/2.9.0/jackson-annotations-2.9.0.jar:/home/rsehgal/.m2/repository/io/springfox/springfox-spi/2.5.0/springfox-spi-2.5.0.jar:/home/rsehgal/.m2/repository/io/springfox/springfox-core/2.5.0/springfox-core-2.5.0.jar:/home/rsehgal/.m2/repository/io/springfox/springfox-schema/2.5.0/springfox-schema-2.5.0.jar:/home/rsehgal/.m2/repository/io/springfox/springfox-swagger-common/2.5.0/springfox-swagger-common-2.5.0.jar:/home/rsehgal/.m2/repository/io/springfox/springfox-spring-web/2.5.0/springfox-spring-web-2.5.0.jar:/home/rsehgal/.m2/repository/com/google/guava/guava/18.0/guava-18.0.jar:/home/rsehgal/.m2/repository/com/fasterxml/classmate/1.4.0/classmate-1.4.0.jar:/home/rsehgal/.m2/repository/org/slf4j/slf4j-api/1.7.26/slf4j-api-1.7.26.jar:/home/rsehgal/.m2/repository/org/springframework/plugin/spring-plugin-core/1.2.0.RELEASE/spring-plugin-core-1.2.0.RELEASE.jar:/home/rsehgal/.m2/repository/org/springframework/plugin/spring-plugin-metadata/1.2.0.RELEASE/spring-plugin-metadata-1.2.0.RELEASE.jar:/home/rsehgal/.m2/repository/org/mapstruct/mapstruct/1.0.0.Final/mapstruct-1.0.0.Final.jar:/home/rsehgal/.m2/repository/io/springfox/springfox-swagger-ui/2.5.0/springfox-swagger-ui-2.5.0.jar:"/>
    <property name="sun.cpu.endian" value="little"/>
    <property name="user.home" value="/home/rsehgal"/>
    <property name="user.language" value="en"/>
    <property name="java.specification.vendor" value="Oracle Corporation"/>
    <property name="java.version.date" value="2020-07-14"/>
    <property name="java.home" value="/usr/lib/jvm/java-11-openjdk-amd64"/>
    <property name="file.separator" value="/"/>
    <property name="basedir" value="/home/rsehgal/eclipse-workspace/DevOpsBootCamp/cicd-pipeline"/>
    <property name="java.vm.compressedOopsMode" value="32-bit"/>
    <property name="line.separator" value="&#10;"/>
    <property name="java.specification.name" value="Java Platform API Specification"/>
    <property name="java.vm.specification.vendor" value="Oracle Corporation"/>
    <property name="java.awt.graphicsenv" value="sun.awt.X11GraphicsEnvironment"/>
    <property name="surefire.real.class.path" value="/home/rsehgal/eclipse-workspace/DevOpsBootCamp/cicd-pipeline/target/surefire/surefirebooter10640232623482725819.jar"/>
    <property name="sun.management.compiler" value="HotSpot 64-Bit Tiered Compilers"/>
    <property name="java.runtime.version" value="11.0.8+10-post-Ubuntu-0ubuntu120.04"/>
    <property name="user.name" value="rsehgal"/>
    <property name="path.separator" value=":"/>
    <property name="os.version" value="5.4.0-42-generic"/>
    <property name="java.runtime.name" value="OpenJDK Runtime Environment"/>
    <property name="file.encoding" value="UTF-8"/>
    <property name="java.vm.name" value="OpenJDK 64-Bit Server VM"/>
    <property name="localRepository" value="/home/rsehgal/.m2/repository"/>
    <property name="java.vendor.url.bug" value="https://bugs.launchpad.net/ubuntu/+source/openjdk-lts"/>
    <property name="java.io.tmpdir" value="/tmp"/>
    <property name="java.version" value="11.0.8"/>
    <property name="user.dir" value="/home/rsehgal/eclipse-workspace/DevOpsBootCamp/cicd-pipeline"/>
    <property name="os.arch" value="amd64"/>
    <property name="java.vm.specification.name" value="Java Virtual Machine Specification"/>
    <property name="java.awt.printerjob" value="sun.print.PSPrinterJob"/>
    <property name="sun.os.patch.level" value="unknown"/>
    <property name="java.library.path" value="/usr/java/packages/lib:/usr/lib/x86_64-linux-gnu/jni:/lib/x86_64-linux-gnu:/usr/lib/x86_64-linux-gnu:/usr/lib/jni:/lib:/usr/lib"/>
    <property name="java.vm.info" value="mixed mode, sharing"/>
    <property name="java.vendor" value="Ubuntu"/>
    <property name="java.vm.version" value="11.0.8+10-post-Ubuntu-0ubuntu120.04"/>
    <property name="sun.io.unicode.encoding" value="UnicodeLittle"/>
    <property name="java.class.version" value="55.0"/>
  </properties>
  <testcase name="testMessage" classname="com.TestHelloService" time="0.301"/>
</testsuite>